START
STEP:ENV_LOADED
STEP:TYPES_READY
STEP:EPIC_CREATED SC-49
Created Workstream (Epic-equivalent): SC-49
Created Features (Task issue type):
- SC-50: Feature: Authentication and Session Management
- SC-53: Feature: Checkout and Order Completion
- SC-51: Feature: Product Catalog and Sorting
- SC-54: Feature: Responsive UX and Performance
- SC-52: Feature: Shopping Cart Management
Created User Stories (Sub-task issue type):
- SC-55 -> parent SC-50
- SC-56 -> parent SC-51
- SC-57 -> parent SC-51
- SC-58 -> parent SC-52
- SC-59 -> parent SC-52
- SC-60 -> parent SC-53
- SC-61 -> parent SC-53
- SC-62 -> parent SC-53
- SC-63 -> parent SC-50
- SC-64 -> parent SC-54
DONE
